<?xml version="1.0" encoding="UTF-8"?>
<testng-results skipped="0" failed="0" ignored="0" total="1" passed="1">
  <reporter-output>
  </reporter-output>
  <suite name="Default suite" duration-ms="17448" started-at="2018-03-22T12:05:57Z" finished-at="2018-03-22T12:06:15Z">
    <groups>
    </groups>
    <test name="Default test" duration-ms="17448" started-at="2018-03-22T12:05:57Z" finished-at="2018-03-22T12:06:15Z">
      <class name="exe.exec1">
        <test-method status="PASS" signature="sub()[pri:0, instance:exe.exec1@42d8062c]" name="sub" is-config="true" duration-ms="8166" started-at="2018-03-22T17:35:57Z" finished-at="2018-03-22T17:36:05Z">
          <reporter-output>
          </reporter-output>
        </test-method> <!-- sub -->
        <test-method status="PASS" signature="main()[pri:0, instance:exe.exec1@42d8062c]" name="main" duration-ms="9251" started-at="2018-03-22T17:36:05Z" finished-at="2018-03-22T17:36:15Z">
          <reporter-output>
          </reporter-output>
        </test-method> <!-- main -->
      </class> <!-- exe.exec1 -->
    </test> <!-- Default test -->
  </suite> <!-- Default suite -->
</testng-results>
